<?xml version="1.0" encoding="UTF-8"?>
<testng-results ignored="0" total="1" passed="1" failed="0" skipped="0">
  <reporter-output>
  </reporter-output>
  <suite started-at="2022-07-02T21:51:46 IST" name="Suite" finished-at="2022-07-02T21:52:01 IST" duration-ms="14814">
    <groups>
    </groups>
    <test started-at="2022-07-02T21:51:46 IST" name="Test" finished-at="2022-07-02T21:52:01 IST" duration-ms="14814">
      <class name="practice1.login">
        <test-method signature="pagelogin()[pri:0, instance:practice1.login@242b836]" started-at="2022-07-02T21:51:46 IST" name="pagelogin" finished-at="2022-07-02T21:52:01 IST" duration-ms="14742" status="PASS">
          <reporter-output>
          </reporter-output>
        </test-method> <!-- pagelogin -->
      </class> <!-- practice1.login -->
    </test> <!-- Test -->
  </suite> <!-- Suite -->
</testng-results>
