<?xml version="1.0" encoding="UTF-8"?>
<testng-results ignored="0" total="1" passed="1" failed="0" skipped="0">
  <reporter-output>
  </reporter-output>
  <suite started-at="2022-07-06T01:23:35 IST" name="Suite" finished-at="2022-07-06T01:24:39 IST" duration-ms="64638">
    <groups>
    </groups>
    <test started-at="2022-07-06T01:23:35 IST" name="Test" finished-at="2022-07-06T01:24:39 IST" duration-ms="64638">
      <class name="practice1.login">
        <test-method signature="pagelogin(java.lang.String,java.lang.String)[pri:0, instance:practice1.login@53ce1329]" started-at="2022-07-06T01:23:35 IST" name="pagelogin" finished-at="2022-07-06T01:24:39 IST" duration-ms="64383" status="PASS">
          <params>
            <param index="0">
              <value>
                <![CDATA[sadiq.ahmed.441@gmail.com]]>
              </value>
            </param>
            <param index="1">
              <value>
                <![CDATA[S@diq789]]>
              </value>
            </param>
          </params>
          <reporter-output>
          </reporter-output>
        </test-method> <!-- pagelogin -->
      </class> <!-- practice1.login -->
    </test> <!-- Test -->
  </suite> <!-- Suite -->
</testng-results>
